<?xml version="1.0" encoding="UTF-8"?>
<testng-results skipped="0" failed="0" ignored="0" total="1" passed="1">
  <reporter-output>
  </reporter-output>
  <suite name="Default suite" duration-ms="24271" started-at="2017-05-21T18:10:47Z" finished-at="2017-05-21T18:11:11Z">
    <groups>
    </groups>
    <test name="Default test" duration-ms="24271" started-at="2017-05-21T18:10:47Z" finished-at="2017-05-21T18:11:11Z">
      <class name="com.bestbuy.automation.testing.tests.SignOnPage_Test">
        <test-method status="PASS" signature="test_signInPage()[pri:0, instance:com.bestbuy.automation.testing.tests.SignOnPage_Test@5056dfcb]" name="test_signInPage" duration-ms="24253" started-at="2017-05-21T13:10:47Z" finished-at="2017-05-21T13:11:11Z">
          <reporter-output>
          </reporter-output>
        </test-method> <!-- test_signInPage -->
      </class> <!-- com.bestbuy.automation.testing.tests.SignOnPage_Test -->
    </test> <!-- Default test -->
  </suite> <!-- Default suite -->
</testng-results>
